<?xml version="1.0" encoding="UTF-8"?>
<testng-results ignored="0" total="2" passed="2" failed="0" skipped="0">
  <reporter-output>
  </reporter-output>
  <suite started-at="2023-12-05T23:16:02 IST" name="Default suite" finished-at="2023-12-05T23:16:46 IST" duration-ms="43667">
    <groups>
    </groups>
    <test started-at="2023-12-05T23:16:02 IST" name="Default test" finished-at="2023-12-05T23:16:46 IST" duration-ms="43667">
      <class name="sele.NewTest">
        <test-method is-config="true" signature="beforeTest()[pri:0, instance:sele.NewTest@209da20d]" started-at="2023-12-05T23:16:02 IST" name="beforeTest" finished-at="2023-12-05T23:16:32 IST" duration-ms="29907" status="PASS">
          <reporter-output>
          </reporter-output>
        </test-method> <!-- beforeTest -->
        <test-method is-config="true" signature="beforeMethod()[pri:0, instance:sele.NewTest@209da20d]" started-at="2023-12-05T23:16:32 IST" name="beforeMethod" finished-at="2023-12-05T23:16:32 IST" duration-ms="16" status="PASS">
          <reporter-output>
          </reporter-output>
        </test-method> <!-- beforeMethod -->
        <test-method signature="f()[pri:0, instance:sele.NewTest@209da20d]" started-at="2023-12-05T23:16:32 IST" name="f" finished-at="2023-12-05T23:16:35 IST" duration-ms="2494" status="PASS">
          <reporter-output>
          </reporter-output>
        </test-method> <!-- f -->
        <test-method is-config="true" signature="afterMethod()[pri:0, instance:sele.NewTest@209da20d]" started-at="2023-12-05T23:16:35 IST" name="afterMethod" finished-at="2023-12-05T23:16:36 IST" duration-ms="1441" status="PASS">
          <reporter-output>
          </reporter-output>
        </test-method> <!-- afterMethod -->
        <test-method is-config="true" signature="beforeMethod()[pri:0, instance:sele.NewTest@209da20d]" started-at="2023-12-05T23:16:36 IST" name="beforeMethod" finished-at="2023-12-05T23:16:36 IST" duration-ms="29" status="PASS">
          <reporter-output>
          </reporter-output>
        </test-method> <!-- beforeMethod -->
        <test-method signature="support()[pri:1, instance:sele.NewTest@209da20d]" started-at="2023-12-05T23:16:36 IST" name="support" finished-at="2023-12-05T23:16:38 IST" duration-ms="1535" status="PASS">
          <reporter-output>
          </reporter-output>
        </test-method> <!-- support -->
        <test-method is-config="true" signature="afterMethod()[pri:0, instance:sele.NewTest@209da20d]" started-at="2023-12-05T23:16:38 IST" name="afterMethod" finished-at="2023-12-05T23:16:40 IST" duration-ms="1915" status="PASS">
          <reporter-output>
          </reporter-output>
        </test-method> <!-- afterMethod -->
        <test-method is-config="true" signature="afterTest()[pri:0, instance:sele.NewTest@209da20d]" started-at="2023-12-05T23:16:40 IST" name="afterTest" finished-at="2023-12-05T23:16:46 IST" duration-ms="6221" status="PASS">
          <reporter-output>
          </reporter-output>
        </test-method> <!-- afterTest -->
      </class> <!-- sele.NewTest -->
    </test> <!-- Default test -->
  </suite> <!-- Default suite -->
</testng-results>
